[debug] [2023-07-03T11:11:11.772Z] ----------------------------------------------------------------------
[debug] [2023-07-03T11:11:11.774Z] Command:       C:\Program Files\nodejs\node.exe C:\Users\User\AppData\Roaming\npm\node_modules\firebase-tools\lib\bin\firebase.js init
[debug] [2023-07-03T11:11:11.774Z] CLI Version:   12.4.2
[debug] [2023-07-03T11:11:11.775Z] Platform:      win32
[debug] [2023-07-03T11:11:11.775Z] Node Version:  v16.14.2
[debug] [2023-07-03T11:11:11.776Z] Time:          Mon Jul 03 2023 16:41:11 GMT+0530 (India Standard Time)
[debug] [2023-07-03T11:11:11.777Z] ----------------------------------------------------------------------
[debug] 
[debug] [2023-07-03T11:11:11.784Z] > command requires scopes: ["email","openid","https://www.googleapis.com/auth/cloudplatformprojects.readonly","https://www.googleapis.com/auth/firebase","https://www.googleapis.com/auth/cloud-platform"]
[debug] [2023-07-03T11:11:11.784Z] > authorizing via signed-in user (agnidipto12.25@gmail.com)
[info] 
     ######## #### ########  ######## ########     ###     ######  ########
     ##        ##  ##     ## ##       ##     ##  ##   ##  ##       ##
     ######    ##  ########  ######   ########  #########  ######  ######
     ##        ##  ##    ##  ##       ##     ## ##     ##       ## ##
     ##       #### ##     ## ######## ########  ##     ##  ######  ########

You're about to initialize a Firebase project in this directory:

  C:\Work Modules\Projects\portfolio

Before we get started, keep in mind:

  * You are currently outside your home directory

[info] 
=== Project Setup
[info] 
[info] First, let's associate this project directory with a Firebase project.
[info] You can create multiple project aliases by running firebase use --add, 
[info] but for now we'll just set up a default project.
[info] 
[debug] [2023-07-03T11:11:26.561Z] >>> [apiv2][query] GET https://firebase.googleapis.com/v1beta1/projects pageSize=100
[debug] [2023-07-03T11:11:27.458Z] <<< [apiv2][status] GET https://firebase.googleapis.com/v1beta1/projects 200
[debug] [2023-07-03T11:11:27.458Z] <<< [apiv2][body] GET https://firebase.googleapis.com/v1beta1/projects [omitted]
[info] i  Using project portfolio-994fa (Portfolio) 
[info] 
=== Hosting Setup
[info] 
[info] Your public directory is the folder (relative to your project directory) that
[info] will contain Hosting assets to be uploaded with firebase deploy. If you
[info] have a build process for your assets, use your build's output directory.
[info] 
[debug] [2023-07-03T11:12:07.415Z] >>> [apiv2][query] GET https://www.gstatic.com/firebasejs/releases.json [none]
[debug] [2023-07-03T11:12:07.666Z] <<< [apiv2][status] GET https://www.gstatic.com/firebasejs/releases.json 200
[debug] [2023-07-03T11:12:07.666Z] <<< [apiv2][body] GET https://www.gstatic.com/firebasejs/releases.json {"current":{"version":"9.23.0","browserURL":"https://www.gstatic.com/firebasejs/9.23.0/firebase.js","packageURL":"https://www.gstatic.com/firebasejs/9.23.0/firebase.tgz"},"live":{"version":"9.23","browserURL":"https://www.gstatic.com/firebasejs/live/9.23/firebase.js","packageURL":"https://www.gstatic.com/firebasejs/live/9.23/firebase.tgz"},"components":{"analytics":"https://www.gstatic.com/firebasejs/9.23.0/firebase-analytics.js","app":"https://www.gstatic.com/firebasejs/9.23.0/firebase-app.js","app-check":"https://www.gstatic.com/firebasejs/9.23.0/firebase-app-check.js","auth":"https://www.gstatic.com/firebasejs/9.23.0/firebase-auth.js","auth/cordova":"https://www.gstatic.com/firebasejs/9.23.0/firebase-auth/cordova.js","auth/react-native":"https://www.gstatic.com/firebasejs/9.23.0/firebase-auth/react-native.js","functions":"https://www.gstatic.com/firebasejs/9.23.0/firebase-functions.js","firestore":"https://www.gstatic.com/firebasejs/9.23.0/firebase-firestore.js","firestore/lite":"https://www.gstatic.com/firebasejs/9.23.0/firebase-firestore/lite.js","installations":"https://www.gstatic.com/firebasejs/9.23.0/firebase-installations.js","storage":"https://www.gstatic.com/firebasejs/9.23.0/firebase-storage.js","performance":"https://www.gstatic.com/firebasejs/9.23.0/firebase-performance.js","remote-config":"https://www.gstatic.com/firebasejs/9.23.0/firebase-remote-config.js","messaging":"https://www.gstatic.com/firebasejs/9.23.0/firebase-messaging.js","messaging/sw":"https://www.gstatic.com/firebasejs/9.23.0/firebase-messaging/sw.js","database":"https://www.gstatic.com/firebasejs/9.23.0/firebase-database.js","firestore.memory":"https://www.gstatic.com/firebasejs/9.23.0/firebase-firestore.memory.js"}}
[info] i  Skipping write of public/index.html 
[info] 
[info] i  Detected a .git folder at C:\Work Modules\Projects\portfolio 
[info] i  Authorizing with GitHub to upload your service account to a GitHub repository's secrets store. 
[info] 
[info] Visit this URL on this device to log in:
[info] https://github.com/login/oauth/authorize?client_id=89cf50f02ac6aaed3484&state=961873686&redirect_uri=http%3A%2F%2Flocalhost%3A9005&scope=read%3Auser%20repo%20public_repo
[info] 
[info] Waiting for authentication...
[debug] [2023-07-03T11:12:44.946Z] >>> [apiv2][query] POST https://github.com/login/oauth/access_token [none]
[debug] [2023-07-03T11:12:44.946Z] >>> [apiv2][body] POST https://github.com/login/oauth/access_token [stream]
[debug] [2023-07-03T11:12:45.580Z] <<< [apiv2][status] POST https://github.com/login/oauth/access_token 200
[debug] [2023-07-03T11:12:45.580Z] <<< [apiv2][body] POST https://github.com/login/oauth/access_token {"access_token":"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","token_type":"bearer","scope":"read:user,repo"}
[debug] [2023-07-03T11:12:45.585Z] >>> [apiv2][query] GET https://api.github.com/user [none]
[debug] [2023-07-03T11:12:45.996Z] <<< [apiv2][status] GET https://api.github.com/user 200
[debug] [2023-07-03T11:12:45.996Z] <<< [apiv2][body] GET https://api.github.com/user {"login":"Agnidipto","id":53426266,"node_id":"MDQ6VXNlcjUzNDI2MjY2","avatar_url":"https://avatars.githubusercontent.com/u/53426266?v=4","gravatar_id":"","url":"https://api.github.com/users/Agnidipto","html_url":"https://github.com/Agnidipto","followers_url":"https://api.github.com/users/Agnidipto/followers","following_url":"https://api.github.com/users/Agnidipto/following{/other_user}","gists_url":"https://api.github.com/users/Agnidipto/gists{/gist_id}","starred_url":"https://api.github.com/users/Agnidipto/starred{/owner}{/repo}","subscriptions_url":"https://api.github.com/users/Agnidipto/subscriptions","organizations_url":"https://api.github.com/users/Agnidipto/orgs","repos_url":"https://api.github.com/users/Agnidipto/repos","events_url":"https://api.github.com/users/Agnidipto/events{/privacy}","received_events_url":"https://api.github.com/users/Agnidipto/received_events","type":"User","site_admin":false,"name":"Agnidipto Sinha","company":null,"blog":"","location":"Bangalore, India","email":null,"hireable":null,"bio":"Software Engineer || Full Stack Developer","twitter_username":null,"public_repos":17,"public_gists":0,"followers":1,"following":3,"created_at":"2019-07-29T08:30:09Z","updated_at":"2023-07-03T11:13:11Z","private_gists":0,"total_private_repos":4,"owned_private_repos":4,"disk_usage":119780,"collaborators":4,"two_factor_authentication":false,"plan":{"name":"free","space":976562499,"collaborators":0,"private_repos":10000}}
[info] 
[info] +  Success! Logged into GitHub as Agnidipto 
[info] 
